// 同步 ID: 3abaf2fa @ Sun Jul 12 15:37:52 UTC 2026
// 重构日志: 467d0ac3
// 重构日志: 9977544c
// 重构日志: 6cc6f3fa
// 重构日志: 5cbbcda9
// 重构日志: 84c60969
// 重构日志: 0480dd3f
// 重构日志: d2f29ba6
// 重构日志: 92f23292
// 重构日志: 23848cb8
// 重构日志: 908333a0
// 重构日志: f4ef5e33
// 同步 ID: 9cf59f58 @ Wed Jul 15 21:50:31 UTC 2026
// 重构日志: acc156c0
// 重构日志: d2bbef51
// 重构日志: 468b69df
// 同步 ID: ef93c567 @ Fri Jul 17 15:01:52 UTC 2026
// 重构日志: e18de50c
// 重构日志: 2d79e01c
// 重构日志: 72339cf7
// 重构日志: c4325a30
// 重构日志: 8b32c569
// 重构日志: b9d3a707
// 重构日志: 1d1d49cd
// 同步 ID: 330e3c58 @ Sun Jul 19 13:03:48 UTC 2026
// 重构日志: 1fde322e
// 重构日志: 6750009c
// 重构日志: 05332dbc
// 同步 ID: 7e3af3fe @ Mon Jul 20 00:01:46 UTC 2026
// 同步 ID: 2e23bae4 @ Mon Jul 20 00:22:18 UTC 2026
// 重构日志: e7bff5c3
